2025-11-08 02:35:45,687 - INFO - Starting the image capture and processing pipeline.
2025-11-08 02:35:45,687 - INFO - Interval: 30 seconds
2025-11-08 02:35:45,687 - INFO - Similarity threshold: 0.7
2025-11-08 02:35:46,939 - INFO - Captured screenshot: /Users/raja/Desktop/nexy-rep/temp/temp_20251108_023545.png
2025-11-08 02:36:18,973 - INFO - Extracted text (first 100 chars): nexy-rep 08 EXPLORER main py X CHAT + *0 4} 1[3 X OPEN EDITORS X main py NEXY-REP ~pycache_ env imag...
2025-11-08 02:36:19,111 - INFO - Similarity with previous: 0.00
2025-11-08 02:36:19,116 - INFO - Stored new data: /Users/raja/Desktop/nexy-rep/images/image_20251108_023545.png
2025-11-08 02:36:49,486 - INFO - Captured screenshot: /Users/raja/Desktop/nexy-rep/temp/temp_20251108_023649.png
2025-11-08 02:37:20,069 - INFO - Extracted text (first 100 chars): nexy-rep 08 EXPLORER = captured_data.db X CHAT + *0 4} 1[3 X OPEN EDITORS 7 captured_data db SELECT ...
2025-11-08 02:37:20,187 - INFO - Similarity with previous: 0.92
2025-11-08 02:37:20,187 - INFO - Image discarded due to high similarity.
2025-11-08 02:37:50,572 - INFO - Captured screenshot: /Users/raja/Desktop/nexy-rep/temp/temp_20251108_023750.png
2025-11-08 02:38:16,484 - INFO - Extracted text (first 100 chars): grok: com Image Capture, OCR, and Storage Pipeline Grok G Chat ( Save the file directly as craft mlt...
2025-11-08 02:38:16,530 - INFO - Similarity with previous: 0.27
2025-11-08 02:38:16,534 - INFO - Stored new data: /Users/raja/Desktop/nexy-rep/images/image_20251108_023750.png
2025-11-08 02:38:46,954 - INFO - Captured screenshot: /Users/raja/Desktop/nexy-rep/temp/temp_20251108_023846.png
2025-11-08 02:39:14,335 - INFO - Extracted text (first 100 chars): grok: com Image Capture, OCR, and Storage Pipeline Grok G Chat ( Search #K 4 Move both downloaded pt...
2025-11-08 02:39:14,460 - INFO - Similarity with previous: 0.86
2025-11-08 02:39:14,460 - INFO - Image discarded due to high similarity.
2025-11-08 02:39:20,320 - INFO - Pipeline stopped by user.
